0 info it worked if it ends with ok
1 verbose cli [ '/usr/local/bin/node', '/usr/local/bin/npm', 'install' ]
2 info using npm@2.15.1
3 info using node@v4.4.3
4 verbose readDependencies loading dependencies from /Users/nwr/2015/Development/Node/playground/package.json
5 warn package.json playground@1.0.0 No description
6 warn package.json playground@1.0.0 No README data
7 warn package.json Dependency 'babel-preset-es2015' exists in both dependencies and devDependencies, using 'babel-preset-es2015@^6.9.0' from dependencies
8 warn package.json Dependency 'grunt-babel' exists in both dependencies and devDependencies, using 'grunt-babel@^6.0.0' from dependencies
9 verbose install where, deps [ '/Users/nwr/2015/Development/Node/playground',
9 verbose install   [ '@angular/common',
9 verbose install     '@angular/compiler',
9 verbose install     '@angular/core',
9 verbose install     '@angular/forms',
9 verbose install     '@angular/http',
9 verbose install     '@angular/platform-browser',
9 verbose install     '@angular/platform-browser-dynamic',
9 verbose install     '@angular/router',
9 verbose install     '@angular/upgrade',
9 verbose install     'core-js',
9 verbose install     'reflect-metadata',
9 verbose install     'rxjs',
9 verbose install     'zone.js',
9 verbose install     '@qlik/leonardo-ui',
9 verbose install     'babel-preset-es2015',
9 verbose install     'bootstrap',
9 verbose install     'connect-mongo',
9 verbose install     'cookie',
9 verbose install     'cookie-parser',
9 verbose install     'cookies',
9 verbose install     'express',
9 verbose install     'express-ntlm',
9 verbose install     'express-session',
9 verbose install     'grunt-babel',
9 verbose install     'grunt-es6-transpiler',
9 verbose install     'guid',
9 verbose install     'highlightjs',
9 verbose install     'jade',
9 verbose install     'jquery',
9 verbose install     'mongoose',
9 verbose install     'passport',
9 verbose install     'qsocks',
9 verbose install     'request',
9 verbose install     'serve-favicon',
9 verbose install     'grunt',
9 verbose install     'grunt-contrib-less',
9 verbose install     'grunt-contrib-watch',
9 verbose install     'grunt-express-server',
9 verbose install     'grunt-includes' ] ]
10 verbose install where, peers [ '/Users/nwr/2015/Development/Node/playground', [] ]
11 verbose installManyTop reading for lifecycle /Users/nwr/2015/Development/Node/playground/package.json
12 info preinstall playground@1.0.0
13 verbose installManyTop reading scoped package data from /Users/nwr/2015/Development/Node/playground/node_modules/babel-preset-es2015/package.json
14 verbose installManyTop reading scoped package data from /Users/nwr/2015/Development/Node/playground/node_modules/bootstrap/package.json
15 verbose installManyTop reading scoped package data from /Users/nwr/2015/Development/Node/playground/node_modules/connect-mongo/package.json
16 verbose installManyTop reading scoped package data from /Users/nwr/2015/Development/Node/playground/node_modules/cookie/package.json
17 verbose installManyTop reading scoped package data from /Users/nwr/2015/Development/Node/playground/node_modules/cookie-parser/package.json
18 verbose installManyTop reading scoped package data from /Users/nwr/2015/Development/Node/playground/node_modules/cookies/package.json
19 verbose installManyTop reading scoped package data from /Users/nwr/2015/Development/Node/playground/node_modules/core-js/package.json
20 verbose installManyTop reading scoped package data from /Users/nwr/2015/Development/Node/playground/node_modules/es6-shim/package.json
21 verbose installManyTop reading scoped package data from /Users/nwr/2015/Development/Node/playground/node_modules/express/package.json
22 verbose installManyTop reading scoped package data from /Users/nwr/2015/Development/Node/playground/node_modules/express-ntlm/package.json
23 verbose installManyTop reading scoped package data from /Users/nwr/2015/Development/Node/playground/node_modules/express-session/package.json
24 verbose installManyTop reading scoped package data from /Users/nwr/2015/Development/Node/playground/node_modules/grunt/package.json
25 verbose installManyTop reading scoped package data from /Users/nwr/2015/Development/Node/playground/node_modules/grunt-babel/package.json
26 verbose installManyTop reading scoped package data from /Users/nwr/2015/Development/Node/playground/node_modules/grunt-contrib-less/package.json
27 verbose installManyTop reading scoped package data from /Users/nwr/2015/Development/Node/playground/node_modules/grunt-contrib-watch/package.json
28 verbose installManyTop reading scoped package data from /Users/nwr/2015/Development/Node/playground/node_modules/grunt-es6-transpiler/package.json
29 verbose installManyTop reading scoped package data from /Users/nwr/2015/Development/Node/playground/node_modules/grunt-express-server/package.json
30 verbose installManyTop reading scoped package data from /Users/nwr/2015/Development/Node/playground/node_modules/grunt-includes/package.json
31 verbose installManyTop reading scoped package data from /Users/nwr/2015/Development/Node/playground/node_modules/guid/package.json
32 verbose installManyTop reading scoped package data from /Users/nwr/2015/Development/Node/playground/node_modules/highlightjs/package.json
33 verbose installManyTop reading scoped package data from /Users/nwr/2015/Development/Node/playground/node_modules/jade/package.json
34 verbose installManyTop reading scoped package data from /Users/nwr/2015/Development/Node/playground/node_modules/jquery/package.json
35 verbose installManyTop reading scoped package data from /Users/nwr/2015/Development/Node/playground/node_modules/marked/package.json
36 verbose installManyTop reading scoped package data from /Users/nwr/2015/Development/Node/playground/node_modules/mongoose/package.json
37 verbose installManyTop reading scoped package data from /Users/nwr/2015/Development/Node/playground/node_modules/passport/package.json
38 verbose installManyTop reading scoped package data from /Users/nwr/2015/Development/Node/playground/node_modules/passport-github/package.json
39 verbose installManyTop reading scoped package data from /Users/nwr/2015/Development/Node/playground/node_modules/passport-local/package.json
40 verbose installManyTop reading scoped package data from /Users/nwr/2015/Development/Node/playground/node_modules/qsocks/package.json
41 verbose installManyTop reading scoped package data from /Users/nwr/2015/Development/Node/playground/node_modules/reflect-metadata/package.json
42 verbose installManyTop reading scoped package data from /Users/nwr/2015/Development/Node/playground/node_modules/request/package.json
43 verbose installManyTop reading scoped package data from /Users/nwr/2015/Development/Node/playground/node_modules/rxjs/package.json
44 verbose installManyTop reading scoped package data from /Users/nwr/2015/Development/Node/playground/node_modules/serve-favicon/package.json
45 verbose installManyTop reading scoped package data from /Users/nwr/2015/Development/Node/playground/node_modules/zone.js/package.json
46 verbose installManyTop reading scoped package data from /Users/nwr/2015/Development/Node/playground/node_modules/@angular/.DS_Store/package.json
47 verbose installManyTop reading scoped package data from /Users/nwr/2015/Development/Node/playground/node_modules/@angular/common/package.json
48 verbose installManyTop reading scoped package data from /Users/nwr/2015/Development/Node/playground/node_modules/@angular/compiler/package.json
49 verbose installManyTop reading scoped package data from /Users/nwr/2015/Development/Node/playground/node_modules/@angular/core/package.json
50 verbose installManyTop reading scoped package data from /Users/nwr/2015/Development/Node/playground/node_modules/@angular/forms/package.json
51 verbose installManyTop reading scoped package data from /Users/nwr/2015/Development/Node/playground/node_modules/@angular/http/package.json
52 verbose installManyTop reading scoped package data from /Users/nwr/2015/Development/Node/playground/node_modules/@angular/platform-browser/package.json
53 verbose installManyTop reading scoped package data from /Users/nwr/2015/Development/Node/playground/node_modules/@angular/platform-browser-dynamic/package.json
54 verbose installManyTop reading scoped package data from /Users/nwr/2015/Development/Node/playground/node_modules/@angular/router/package.json
55 verbose installManyTop reading scoped package data from /Users/nwr/2015/Development/Node/playground/node_modules/@angular/upgrade/package.json
56 verbose installManyTop reading scoped package data from /Users/nwr/2015/Development/Node/playground/node_modules/@qlik/leonardo-ui/package.json
57 info package.json grunt-includes@0.5.4 No license field.
58 info package.json highlightjs@8.7.0 No repository field.
59 info package.json highlightjs@8.7.0 No license field.
60 info package.json passport-local@1.0.0 No license field.
61 info package.json @angular/common@2.0.0-rc.5 No description
62 info package.json @angular/compiler@2.0.0-rc.5 No description
63 info package.json @angular/forms@0.3.0 No description
64 info package.json @angular/core@2.0.0-rc.5 No description
65 info package.json @angular/http@2.0.0-rc.1 No description
66 info package.json @angular/http@2.0.0-rc.1 No repository field.
67 info package.json @angular/platform-browser@2.0.0-rc.5 No description
68 info package.json @angular/platform-browser-dynamic@2.0.0-rc.5 No description
69 info package.json @angular/router@3.0.0-rc.1 No description
70 info package.json @angular/upgrade@2.0.0-rc.5 No description
71 info package.json guid@0.0.12 No license field.
72 verbose readDependencies loading dependencies from /Users/nwr/2015/Development/Node/playground/package.json
73 verbose targetResolver reading package data from /Users/nwr/2015/Development/Node/playground/node_modules/babel-preset-es2015/package.json
74 verbose targetResolver reading package data from /Users/nwr/2015/Development/Node/playground/node_modules/bootstrap/package.json
75 verbose targetResolver reading package data from /Users/nwr/2015/Development/Node/playground/node_modules/connect-mongo/package.json
76 verbose targetResolver reading package data from /Users/nwr/2015/Development/Node/playground/node_modules/cookie/package.json
77 verbose targetResolver reading package data from /Users/nwr/2015/Development/Node/playground/node_modules/cookie-parser/package.json
78 verbose targetResolver reading package data from /Users/nwr/2015/Development/Node/playground/node_modules/cookies/package.json
79 verbose targetResolver reading package data from /Users/nwr/2015/Development/Node/playground/node_modules/core-js/package.json
80 verbose targetResolver reading package data from /Users/nwr/2015/Development/Node/playground/node_modules/es6-shim/package.json
81 verbose targetResolver reading package data from /Users/nwr/2015/Development/Node/playground/node_modules/express/package.json
82 verbose targetResolver reading package data from /Users/nwr/2015/Development/Node/playground/node_modules/express-ntlm/package.json
83 verbose targetResolver reading package data from /Users/nwr/2015/Development/Node/playground/node_modules/express-session/package.json
84 verbose targetResolver reading package data from /Users/nwr/2015/Development/Node/playground/node_modules/grunt/package.json
85 verbose targetResolver reading package data from /Users/nwr/2015/Development/Node/playground/node_modules/grunt-babel/package.json
86 verbose targetResolver reading package data from /Users/nwr/2015/Development/Node/playground/node_modules/grunt-contrib-less/package.json
87 verbose targetResolver reading package data from /Users/nwr/2015/Development/Node/playground/node_modules/grunt-contrib-watch/package.json
88 verbose targetResolver reading package data from /Users/nwr/2015/Development/Node/playground/node_modules/grunt-es6-transpiler/package.json
89 verbose targetResolver reading package data from /Users/nwr/2015/Development/Node/playground/node_modules/grunt-express-server/package.json
90 verbose targetResolver reading package data from /Users/nwr/2015/Development/Node/playground/node_modules/grunt-includes/package.json
91 verbose targetResolver reading package data from /Users/nwr/2015/Development/Node/playground/node_modules/guid/package.json
92 verbose targetResolver reading package data from /Users/nwr/2015/Development/Node/playground/node_modules/highlightjs/package.json
93 verbose targetResolver reading package data from /Users/nwr/2015/Development/Node/playground/node_modules/jade/package.json
94 verbose targetResolver reading package data from /Users/nwr/2015/Development/Node/playground/node_modules/jquery/package.json
95 verbose targetResolver reading package data from /Users/nwr/2015/Development/Node/playground/node_modules/marked/package.json
96 verbose targetResolver reading package data from /Users/nwr/2015/Development/Node/playground/node_modules/mongoose/package.json
97 verbose targetResolver reading package data from /Users/nwr/2015/Development/Node/playground/node_modules/passport/package.json
98 verbose targetResolver reading package data from /Users/nwr/2015/Development/Node/playground/node_modules/passport-github/package.json
99 verbose targetResolver reading package data from /Users/nwr/2015/Development/Node/playground/node_modules/passport-local/package.json
100 verbose targetResolver reading package data from /Users/nwr/2015/Development/Node/playground/node_modules/qsocks/package.json
101 verbose targetResolver reading package data from /Users/nwr/2015/Development/Node/playground/node_modules/reflect-metadata/package.json
102 verbose targetResolver reading package data from /Users/nwr/2015/Development/Node/playground/node_modules/request/package.json
103 verbose targetResolver reading package data from /Users/nwr/2015/Development/Node/playground/node_modules/rxjs/package.json
104 verbose targetResolver reading package data from /Users/nwr/2015/Development/Node/playground/node_modules/serve-favicon/package.json
105 verbose targetResolver reading package data from /Users/nwr/2015/Development/Node/playground/node_modules/zone.js/package.json
106 verbose targetResolver reading package data from /Users/nwr/2015/Development/Node/playground/node_modules/.bin/grunt/package.json
107 verbose targetResolver reading package data from /Users/nwr/2015/Development/Node/playground/node_modules/.bin/jade/package.json
108 verbose targetResolver reading package data from /Users/nwr/2015/Development/Node/playground/node_modules/.bin/marked/package.json
109 verbose targetResolver reading package data from /Users/nwr/2015/Development/Node/playground/node_modules/@angular/common/package.json
110 verbose targetResolver reading package data from /Users/nwr/2015/Development/Node/playground/node_modules/@angular/compiler/package.json
111 verbose targetResolver reading package data from /Users/nwr/2015/Development/Node/playground/node_modules/@angular/core/package.json
112 verbose targetResolver reading package data from /Users/nwr/2015/Development/Node/playground/node_modules/@angular/forms/package.json
113 verbose targetResolver reading package data from /Users/nwr/2015/Development/Node/playground/node_modules/@angular/http/package.json
114 verbose targetResolver reading package data from /Users/nwr/2015/Development/Node/playground/node_modules/@angular/platform-browser/package.json
115 verbose targetResolver reading package data from /Users/nwr/2015/Development/Node/playground/node_modules/@angular/platform-browser-dynamic/package.json
116 verbose targetResolver reading package data from /Users/nwr/2015/Development/Node/playground/node_modules/@angular/router/package.json
117 verbose targetResolver reading package data from /Users/nwr/2015/Development/Node/playground/node_modules/@angular/upgrade/package.json
118 verbose targetResolver reading package data from /Users/nwr/2015/Development/Node/playground/node_modules/@qlik/leonardo-ui/package.json
119 verbose already installed skipping express@^4.13.4 /Users/nwr/2015/Development/Node/playground
120 verbose already installed skipping express-ntlm@^2.1.4 /Users/nwr/2015/Development/Node/playground
121 verbose already installed skipping express-session@^1.13.0 /Users/nwr/2015/Development/Node/playground
122 verbose already installed skipping grunt-babel@^6.0.0 /Users/nwr/2015/Development/Node/playground
123 verbose already installed skipping grunt-es6-transpiler@^1.0.2 /Users/nwr/2015/Development/Node/playground
124 verbose already installed skipping guid@0.0.12 /Users/nwr/2015/Development/Node/playground
125 verbose already installed skipping highlightjs@^8.7.0 /Users/nwr/2015/Development/Node/playground
126 verbose already installed skipping jade@^1.11.0 /Users/nwr/2015/Development/Node/playground
127 verbose already installed skipping jquery@^2.2.3 /Users/nwr/2015/Development/Node/playground
128 verbose already installed skipping mongoose@^4.4.12 /Users/nwr/2015/Development/Node/playground
129 verbose already installed skipping passport@^0.3.2 /Users/nwr/2015/Development/Node/playground
130 verbose already installed skipping qsocks@^3.0.1 /Users/nwr/2015/Development/Node/playground
131 verbose already installed skipping request@^2.71.0 /Users/nwr/2015/Development/Node/playground
132 verbose already installed skipping serve-favicon@^2.3.0 /Users/nwr/2015/Development/Node/playground
133 verbose already installed skipping grunt@^1.0.1 /Users/nwr/2015/Development/Node/playground
134 verbose already installed skipping grunt-contrib-less@^1.2.0 /Users/nwr/2015/Development/Node/playground
135 verbose already installed skipping grunt-contrib-watch@^1.0.0 /Users/nwr/2015/Development/Node/playground
136 verbose already installed skipping grunt-express-server@^0.5.2 /Users/nwr/2015/Development/Node/playground
137 verbose already installed skipping grunt-includes@^0.5.4 /Users/nwr/2015/Development/Node/playground
138 verbose already installed skipping @angular/common@2.0.0-rc.5 /Users/nwr/2015/Development/Node/playground
139 verbose already installed skipping @angular/compiler@2.0.0-rc.5 /Users/nwr/2015/Development/Node/playground
140 verbose already installed skipping @angular/core@2.0.0-rc.5 /Users/nwr/2015/Development/Node/playground
141 verbose already installed skipping @angular/forms@0.3.0 /Users/nwr/2015/Development/Node/playground
142 verbose already installed skipping @angular/http@2.0.0-rc.1 /Users/nwr/2015/Development/Node/playground
143 verbose already installed skipping @angular/platform-browser@2.0.0-rc.5 /Users/nwr/2015/Development/Node/playground
144 verbose already installed skipping @angular/platform-browser-dynamic@2.0.0-rc.5 /Users/nwr/2015/Development/Node/playground
145 verbose already installed skipping @angular/router@3.0.0-rc.1 /Users/nwr/2015/Development/Node/playground
146 verbose already installed skipping @angular/upgrade@2.0.0-rc.5 /Users/nwr/2015/Development/Node/playground
147 verbose already installed skipping core-js@^2.4.0 /Users/nwr/2015/Development/Node/playground
148 verbose already installed skipping reflect-metadata@0.1.3 /Users/nwr/2015/Development/Node/playground
149 verbose already installed skipping rxjs@5.0.0-beta.6 /Users/nwr/2015/Development/Node/playground
150 verbose already installed skipping zone.js@0.6.12 /Users/nwr/2015/Development/Node/playground
151 verbose already installed skipping @qlik/leonardo-ui@^0.7.1 /Users/nwr/2015/Development/Node/playground
152 verbose already installed skipping babel-preset-es2015@^6.9.0 /Users/nwr/2015/Development/Node/playground
153 verbose already installed skipping bootstrap@^3.3.6 /Users/nwr/2015/Development/Node/playground
154 verbose already installed skipping connect-mongo@^1.2.1 /Users/nwr/2015/Development/Node/playground
155 verbose already installed skipping cookie@^0.3.1 /Users/nwr/2015/Development/Node/playground
156 verbose already installed skipping cookie-parser@^1.4.3 /Users/nwr/2015/Development/Node/playground
157 verbose already installed skipping cookies@^0.6.1 /Users/nwr/2015/Development/Node/playground
158 silly install resolved []
159 info build /Users/nwr/2015/Development/Node/playground
160 info linkStuff playground@1.0.0
161 silly linkStuff playground@1.0.0 has /Users/nwr/2015/Development/Node as its parent node_modules
162 verbose linkBins playground@1.0.0
163 verbose linkMans playground@1.0.0
164 verbose rebuildBundles playground@1.0.0
165 verbose rebuildBundles [ '.DS_Store',
165 verbose rebuildBundles   '.bin',
165 verbose rebuildBundles   '@angular',
165 verbose rebuildBundles   '@qlik',
165 verbose rebuildBundles   'babel-preset-es2015',
165 verbose rebuildBundles   'bootstrap',
165 verbose rebuildBundles   'connect-mongo',
165 verbose rebuildBundles   'cookie',
165 verbose rebuildBundles   'cookie-parser',
165 verbose rebuildBundles   'cookies',
165 verbose rebuildBundles   'core-js',
165 verbose rebuildBundles   'es6-shim',
165 verbose rebuildBundles   'express',
165 verbose rebuildBundles   'express-ntlm',
165 verbose rebuildBundles   'express-session',
165 verbose rebuildBundles   'grunt',
165 verbose rebuildBundles   'grunt-babel',
165 verbose rebuildBundles   'grunt-contrib-less',
165 verbose rebuildBundles   'grunt-contrib-watch',
165 verbose rebuildBundles   'grunt-es6-transpiler',
165 verbose rebuildBundles   'grunt-express-server',
165 verbose rebuildBundles   'grunt-includes',
165 verbose rebuildBundles   'guid',
165 verbose rebuildBundles   'highlightjs',
165 verbose rebuildBundles   'jade',
165 verbose rebuildBundles   'jquery',
165 verbose rebuildBundles   'marked',
165 verbose rebuildBundles   'mongoose',
165 verbose rebuildBundles   'passport',
165 verbose rebuildBundles   'passport-github',
165 verbose rebuildBundles   'passport-local',
165 verbose rebuildBundles   'qsocks',
165 verbose rebuildBundles   'reflect-metadata',
165 verbose rebuildBundles   'request',
165 verbose rebuildBundles   'rxjs',
165 verbose rebuildBundles   'serve-favicon',
165 verbose rebuildBundles   'zone.js' ]
166 verbose rebuild bundle /Users/nwr/2015/Development/Node/playground/node_modules/es6-shim
167 info build /Users/nwr/2015/Development/Node/playground/node_modules/es6-shim
168 info preinstall es6-shim@0.35.1
169 info linkStuff es6-shim@0.35.1
170 silly linkStuff es6-shim@0.35.1 has /Users/nwr/2015/Development/Node/playground/node_modules as its parent node_modules
171 verbose linkBins es6-shim@0.35.1
172 verbose linkMans es6-shim@0.35.1
173 verbose rebuildBundles es6-shim@0.35.1
174 info install es6-shim@0.35.1
175 info postinstall es6-shim@0.35.1
176 verbose rebuild bundle /Users/nwr/2015/Development/Node/playground/node_modules/marked
177 info build /Users/nwr/2015/Development/Node/playground/node_modules/marked
178 info preinstall marked@0.3.6
179 info linkStuff marked@0.3.6
180 silly linkStuff marked@0.3.6 has /Users/nwr/2015/Development/Node/playground/node_modules as its parent node_modules
181 warn prefer global marked@0.3.6 should be installed with -g
182 verbose linkBins marked@0.3.6
183 verbose link bins [ { marked: './bin/marked' },
183 verbose link bins   '/Users/nwr/2015/Development/Node/playground/node_modules/.bin',
183 verbose link bins   false ]
184 verbose linkMans marked@0.3.6
185 verbose rebuildBundles marked@0.3.6
186 silly gentlyRm /Users/nwr/2015/Development/Node/playground/node_modules/.bin/marked is being purged
187 verbose gentlyRm don't care about contents; nuking /Users/nwr/2015/Development/Node/playground/node_modules/.bin/marked
188 silly vacuum-fs purging /Users/nwr/2015/Development/Node/playground/node_modules/.bin/marked
189 silly vacuum-fs quitting because other entries in /Users/nwr/2015/Development/Node/playground/node_modules/.bin
190 info install marked@0.3.6
191 info postinstall marked@0.3.6
192 verbose rebuild bundle /Users/nwr/2015/Development/Node/playground/node_modules/passport-github
193 info build /Users/nwr/2015/Development/Node/playground/node_modules/passport-github
194 info preinstall passport-github@1.1.0
195 info linkStuff passport-github@1.1.0
196 silly linkStuff passport-github@1.1.0 has /Users/nwr/2015/Development/Node/playground/node_modules as its parent node_modules
197 verbose linkBins passport-github@1.1.0
198 verbose linkMans passport-github@1.1.0
199 verbose rebuildBundles passport-github@1.1.0
200 verbose rebuildBundles [ 'passport-oauth2' ]
201 info install passport-github@1.1.0
202 info postinstall passport-github@1.1.0
203 verbose rebuild bundle /Users/nwr/2015/Development/Node/playground/node_modules/passport-local
204 info build /Users/nwr/2015/Development/Node/playground/node_modules/passport-local
205 info preinstall passport-local@1.0.0
206 info linkStuff passport-local@1.0.0
207 silly linkStuff passport-local@1.0.0 has /Users/nwr/2015/Development/Node/playground/node_modules as its parent node_modules
208 verbose linkBins passport-local@1.0.0
209 verbose linkMans passport-local@1.0.0
210 verbose rebuildBundles passport-local@1.0.0
211 verbose rebuildBundles [ 'passport-strategy' ]
212 info install passport-local@1.0.0
213 info postinstall passport-local@1.0.0
214 info install playground@1.0.0
215 info postinstall playground@1.0.0
216 info prepublish playground@1.0.0
217 verbose validateInstall loading /Users/nwr/2015/Development/Node/playground/package.json for validation
218 verbose stack Error: The package @angular/core@2.0.0-rc.5 does not satisfy its siblings' peerDependencies requirements!
218 verbose stack     at /usr/local/lib/node_modules/npm/lib/install.js:125:32
218 verbose stack     at /usr/local/lib/node_modules/npm/lib/install.js:268:7
218 verbose stack     at /usr/local/lib/node_modules/npm/node_modules/read-installed/read-installed.js:142:5
218 verbose stack     at /usr/local/lib/node_modules/npm/node_modules/read-installed/read-installed.js:263:14
218 verbose stack     at cb (/usr/local/lib/node_modules/npm/node_modules/slide/lib/async-map.js:47:24)
218 verbose stack     at /usr/local/lib/node_modules/npm/node_modules/read-installed/read-installed.js:263:14
218 verbose stack     at cb (/usr/local/lib/node_modules/npm/node_modules/slide/lib/async-map.js:47:24)
218 verbose stack     at /usr/local/lib/node_modules/npm/node_modules/read-installed/read-installed.js:263:14
218 verbose stack     at cb (/usr/local/lib/node_modules/npm/node_modules/slide/lib/async-map.js:47:24)
218 verbose stack     at /usr/local/lib/node_modules/npm/node_modules/read-installed/read-installed.js:263:14
219 verbose cwd /Users/nwr/2015/Development/Node/playground
220 error Darwin 14.5.0
221 error argv "/usr/local/bin/node" "/usr/local/bin/npm" "install"
222 error node v4.4.3
223 error npm  v2.15.1
224 error code EPEERINVALID
225 error peerinvalid The package @angular/core@2.0.0-rc.5 does not satisfy its siblings' peerDependencies requirements!
225 error peerinvalid Peer @angular/common@2.0.0-rc.5 wants @angular/core@^2.0.0-rc.5
225 error peerinvalid Peer @angular/compiler@2.0.0-rc.5 wants @angular/core@^2.0.0-rc.5
225 error peerinvalid Peer @angular/forms@0.3.0 wants @angular/core@^2.0.0-rc.5
225 error peerinvalid Peer @angular/http@2.0.0-rc.1 wants @angular/core@2.0.0-rc.1
225 error peerinvalid Peer @angular/platform-browser@2.0.0-rc.5 wants @angular/core@^2.0.0-rc.5
225 error peerinvalid Peer @angular/platform-browser-dynamic@2.0.0-rc.5 wants @angular/core@^2.0.0-rc.5
225 error peerinvalid Peer @angular/router@3.0.0-rc.1 wants @angular/core@^2.0.0-rc.5
225 error peerinvalid Peer @angular/upgrade@2.0.0-rc.5 wants @angular/core@^2.0.0-rc.5
226 verbose exit [ 1, true ]
